<?xml version="1.0" encoding="UTF-8"?>
<!-- Generated by org.testng.reporters.JUnitReportReporter -->
<testsuite hostname="LAPTOP-BNK08KHG" failures="0" tests="2" name="testExecution.TestClass1" time="0.032" errors="0" timestamp="2023-07-18T15:19:24 IST" skipped="0">
  <testcase classname="testExecution.TestClass1" name="method1" time="0.016">
    <system-out>
      <![CDATA[This method 1: 33]]>
    </system-out>
  </testcase> <!-- method1 -->
  <testcase classname="testExecution.TestClass1" name="method2" time="0.016">
    <system-out>
      <![CDATA[This method 2: 34]]>
    </system-out>
  </testcase> <!-- method2 -->
  <system-out>
    <![CDATA[This method 5: 37
This method 2: 34
This method 3: 35
This method 4: 36
This method 1: 33
This method 6: 36]]>
  </system-out>
</testsuite> <!-- testExecution.TestClass1 -->
