<?xml version="1.0" encoding="UTF-8"?>
<!-- Generated by org.testng.reporters.JUnitReportReporter -->
<testsuite hostname="LAPTOP-BNK08KHG" failures="0" tests="2" name="testngPackage2.Demo1" time="0.004" errors="0" timestamp="2023-07-17T15:10:03 IST" skipped="0">
  <testcase classname="testngPackage2.Demo1" name="method1" time="0.002">
    <system-out>
      <![CDATA[This method 1]]>
    </system-out>
  </testcase> <!-- method1 -->
  <testcase classname="testngPackage2.Demo1" name="method2" time="0.002">
    <system-out>
      <![CDATA[This method 2]]>
    </system-out>
  </testcase> <!-- method2 -->
  <system-out>
    <![CDATA[This method 5
This method 6
This is method 3
This method 1
This method 2]]>
  </system-out>
</testsuite> <!-- testngPackage2.Demo1 -->
