<?xml version="1.0" encoding="UTF-8"?>
<!-- Generated by org.testng.reporters.JUnitReportReporter -->
<testsuite hostname="LAPTOP-BNK08KHG" failures="0" tests="1" name="testNG.Sumo" time="6.727" errors="0" timestamp="2023-07-17T14:38:54 IST" skipped="0">
  <testcase classname="testNG.Sumo" name="method3" time="6.727">
    <system-out>
      <![CDATA[This is Sumo class..!]]>
    </system-out>
  </testcase> <!-- method3 -->
  <system-out>
    <![CDATA[This is Sumo class..!
This is Remo class..!
This is demo class..!]]>
  </system-out>
</testsuite> <!-- testNG.Sumo -->
