<?xml version="1.0" encoding="UTF-8"?>
<!-- Generated by org.testng.reporters.JUnitReportReporter -->
<testsuite hostname="LAPTOP-BNK08KHG" failures="0" tests="1" name="testExecution.Test1" time="5.039" errors="0" timestamp="2023-07-17T15:43:50 IST" skipped="0">
  <testcase classname="testExecution.Test1" name="testMethod1" time="5.039"/>
</testsuite> <!-- testExecution.Test1 -->
