<?xml version="1.0" encoding="UTF-8"?>
<!-- Generated by org.testng.reporters.JUnitReportReporter -->
<testsuite hostname="LAPTOP-BNK08KHG" failures="0" tests="1" name="testExecution.Test3" time="6.387" errors="0" timestamp="2023-07-17T15:43:50 IST" skipped="0">
  <testcase classname="testExecution.Test3" name="f" time="6.387"/>
</testsuite> <!-- testExecution.Test3 -->
