<?xml version="1.0" encoding="UTF-8"?>
<!-- Generated by org.testng.reporters.JUnitReportReporter -->
<testsuite hostname="LAPTOP-BNK08KHG" failures="0" tests="1" name="testngPackage2.Demo2" time="0.014" errors="0" timestamp="2023-07-17T15:13:37 IST" skipped="0">
  <testcase classname="testngPackage2.Demo2" name="method1" time="0.014">
    <system-out>
      <![CDATA[This method 4]]>
    </system-out>
  </testcase> <!-- method1 -->
  <system-out>
    <![CDATA[This method 4]]>
  </system-out>
</testsuite> <!-- testngPackage2.Demo2 -->
