<?xml version="1.0" encoding="UTF-8"?>
<!-- Generated by org.testng.reporters.JUnitReportReporter -->
<testsuite hostname="LAPTOP-BNK08KHG" failures="0" tests="1" name="testNG.Remo" time="4.583" errors="0" timestamp="2023-07-17T14:38:54 IST" skipped="0">
  <testcase classname="testNG.Remo" name="method2" time="4.583">
    <system-out>
      <![CDATA[This is Remo class..!]]>
    </system-out>
  </testcase> <!-- method2 -->
  <system-out>
    <![CDATA[This is Sumo class..!
This is Remo class..!
This is demo class..!]]>
  </system-out>
</testsuite> <!-- testNG.Remo -->
