<?xml version="1.0" encoding="UTF-8"?>
<!-- Generated by org.testng.reporters.JUnitReportReporter -->
<testsuite hostname="LAPTOP-BNK08KHG" failures="0" tests="2" name="testngPackage2.Demo3" time="0.018" errors="0" timestamp="2023-07-17T15:10:03 IST" skipped="0">
  <testcase classname="testngPackage2.Demo3" name="method5" time="0.015">
    <system-out>
      <![CDATA[This method 5]]>
    </system-out>
  </testcase> <!-- method5 -->
  <testcase classname="testngPackage2.Demo3" name="method6" time="0.003">
    <system-out>
      <![CDATA[This method 6]]>
    </system-out>
  </testcase> <!-- method6 -->
  <system-out>
    <![CDATA[This method 5
This method 6
This is method 3
This method 1
This method 2]]>
  </system-out>
</testsuite> <!-- testngPackage2.Demo3 -->
