<?xml version="1.0" encoding="UTF-8"?>
<!-- Generated by org.testng.reporters.JUnitReportReporter -->
<testsuite hostname="LAPTOP-BNK08KHG" failures="0" tests="1" name="testExecution.Test2" time="9.335" errors="0" timestamp="2023-07-17T15:43:50 IST" skipped="0">
  <testcase classname="testExecution.Test2" name="f" time="9.335"/>
</testsuite> <!-- testExecution.Test2 -->
